<?xml version="1.0" encoding="UTF-8"?>
<beans xmlns="http://www.springframework.org/schema/beans"
	xmlns:xsi="http://www.w3.org/2001/XMLSchema-instance" xmlns:context="http://www.springframework.org/schema/context"
	xmlns:jdbc="http://www.springframework.org/schema/jdbc" xmlns:jpa="http://www.springframework.org/schema/data/jpa"
	xmlns:tx="http://www.springframework.org/schema/tx"
		xmlns:sec="http://www.springframework.org/schema/security"
	xsi:schemaLocation="
	 http://www.springframework.org/schema/security http://www.springframework.org/schema/security/spring-security.xsd
	http://www.springframework.org/schema/tx http://www.springframework.org/schema/tx/spring-tx-3.2.xsd
	http://www.springframework.org/schema/context
                         http://www.springframework.org/schema/context/spring-context-3.0.xsd
                          http://www.springframework.org/schema/aop http://www.springframework.org/schema/aop/spring-aop-3.1.xsd
	http://www.springframework.org/schema/jdbc http://www.springframework.org/schema/jdbc/spring-jdbc-3.1.xsd
		http://www.springframework.org/schema/beans http://www.springframework.org/schema/beans/spring-beans.xsd
		http://www.springframework.org/schema/data/jpa http://www.springframework.org/schema/data/jpa/spring-jpa-1.2.xsd">
	<context:component-scan base-package="jason.app.weixin.security" />

	<tx:annotation-driven />
	<tx:jta-transaction-manager />
	<!-- Database -->
	<!-- <jdbc:embedded-database id="datasource" type="H2"></jdbc:embedded-database> -->
	<bean id="datasource" class="com.atomikos.jdbc.AtomikosDataSourceBean"
		init-method="init" destroy-method="close">
		<property name="uniqueResourceName">
			<value>jdbc/security</value>
		</property>
		<property name="xaDataSourceClassName">
			<value>org.h2.jdbcx.JdbcDataSource</value>
		</property>
		<property name="xaProperties">
			<props>
				<prop key="user">APP</prop>
				<prop key="password"></prop>
				<prop key="URL">jdbc:h2:mem:security;DB_CLOSE_ON_EXIT=FALSE</prop>
			</props>
		</property>
	</bean>


<bean id="entityManagerFactory" class="org.springframework.orm.jpa.LocalContainerEntityManagerFactoryBean">
	<property name="persistenceXmlLocation">
            <value>classpath*:persistence.xml</value>
    </property>
		<property name="persistenceUnitName" value="SecurityPU" />
		<property name="dataSource" ref="datasource" />
		<property name="jpaVendorAdapter">
			<bean class="org.springframework.orm.jpa.vendor.HibernateJpaVendorAdapter">
				<property name="showSql" value="true" />
				<property name="databasePlatform" value="org.hibernate.dialect.H2Dialect" />
			</bean>
		</property>
	</bean>

	<bean id="atomikosTransactionManager" class="com.atomikos.icatch.jta.UserTransactionManager" init-method="init" destroy-method="close">
		<property name="forceShutdown" value="false" />
	</bean>

	<bean id="atomikosUserTransaction" class="com.atomikos.icatch.jta.J2eeUserTransaction">
		<property name="transactionTimeout" value="300" />
	</bean>

	<bean id="transactionManager" class="org.springframework.transaction.jta.JtaTransactionManager"
		depends-on="atomikosTransactionManager,atomikosUserTransaction">
		<property name="transactionManager" ref="atomikosTransactionManager" />
		<property name="userTransaction" ref="atomikosUserTransaction" />
		<property name="allowCustomIsolationLevels" value="true" />
	</bean>

	<!-- Jpa Repositories -->
	<jpa:repositories base-package="jason.app.weixin.security.repository" />
	
	
	
	  <bean id="aclCache" class="org.springframework.security.acls.domain.EhCacheBasedAclCache">
    <constructor-arg>
      <bean class="org.springframework.cache.ehcache.EhCacheFactoryBean">
        <property name="cacheManager">
          <bean class="org.springframework.cache.ehcache.EhCacheManagerFactoryBean">
            <property name="shared" value="true" />
          </bean>
        </property>
        <property name="cacheName" value="aclCache" />
      </bean>
    </constructor-arg>
  </bean>

  <bean id="lookupStrategy" class="jason.app.weixin.security.service.impl.BasicLookupStrategy">
    <constructor-arg ref="aclDao" />
    <constructor-arg ref="aclCache" />
    <constructor-arg>
      <bean class="org.springframework.security.acls.domain.AclAuthorizationStrategyImpl">
        <constructor-arg>
          <bean class="org.springframework.security.core.authority.SimpleGrantedAuthority">
            <constructor-arg value="ROLE_ADMINISTRATOR" />
          </bean>
        </constructor-arg>
      </bean>
    </constructor-arg>
    <constructor-arg>
      <bean class="org.springframework.security.acls.domain.ConsoleAuditLogger" />
    </constructor-arg>
  </bean>
   <bean id="encoder" class="org.springframework.security.crypto.bcrypt.BCryptPasswordEncoder" />

    <sec:authentication-manager>
        <sec:authentication-provider user-service-ref="userDetailService">
           
        </sec:authentication-provider>
    </sec:authentication-manager>
    
    <bean class="org.springframework.security.acls.AclPermissionEvaluator" >
        <constructor-arg ref="aclService" />
    </bean>
</beans>
